<?xml version="1.0" encoding="utf-8"?><testsuites name="pytest tests"><testsuite name="pytest" errors="0" failures="0" skipped="0" tests="4" time="7.921" timestamp="2026-09-22T08:19:57.891733+00:00" hostname="agent-env-88700cc6-5d2d-4657-ae00-d3c17e32dd40"><testcase classname="tests.test_email_leads.TestEmailLead" name="test_register_vendor_send_lead_verify_email" time="2.237" /><testcase classname="tests.test_email_leads.TestLeadNonBlocking" name="test_petal_lead_returns_fast_and_marks_notified" time="1.685" /><testcase classname="tests.test_email_leads.TestMarketplaceRegression" name="test_marketplace_has_three_published" time="0.130" /><testcase classname="tests.test_email_leads.TestMarketplaceRegression" name="test_chat_stream_endpoint_ok" time="3.812" /></testsuite></testsuites>