<?xml version="1.0" encoding="utf-8"?><testsuites name="pytest tests"><testsuite name="pytest" errors="0" failures="0" skipped="0" tests="14" time="10.747" timestamp="2026-09-22T07:43:32.757297+00:00" hostname="agent-env-88700cc6-5d2d-4657-ae00-d3c17e32dd40"><testcase classname="tests.backend_test.TestVendorRegister" name="test_register_new_vendor_returns_token_and_free_plan" time="1.024" /><testcase classname="tests.backend_test.TestAuth" name="test_admin_login" time="0.408" /><testcase classname="tests.backend_test.TestAuth" name="test_petal_login" time="0.618" /><testcase classname="tests.backend_test.TestVendorRegister" name="test_vendor_me_requires_token" time="0.111" /><testcase classname="tests.backend_test.TestAuth" name="test_invalid_login" time="0.161" /><testcase classname="tests.backend_test.TestMarketplace" name="test_list_vendors" time="0.134" /><testcase classname="tests.backend_test.TestAdmin" name="test_admin_vendors_requires_admin" time="0.591" /><testcase classname="tests.backend_test.TestMarketplace" name="test_profile_increments_views" time="1.095" /><testcase classname="tests.backend_test.TestAdmin" name="test_admin_can_list" time="0.496" /><testcase classname="tests.backend_test.TestPlanSwitch" name="test_free_vendor_switches_to_premium_demo" time="1.933" /><testcase classname="tests.backend_test.TestChatShare" name="test_create_and_get_share" time="7.704" /><testcase classname="tests.backend_test.TestAIProfileGating" name="test_free_vendor_blocked" time="0.459" /><testcase classname="tests.backend_test.TestLeads" name="test_lead_create_list_patch_and_isolation" time="1.647" /><testcase classname="tests.backend_test.TestChatShare" name="test_share_nonexistent_session" time="0.170" /></testsuite></testsuites>